2025-04-17 11:07:03 [main] INFO  com.example.consumer.ConsumerApplication - Starting ConsumerApplication using Java 23.0.2 with PID 5280 (C:\Users\Anmol Sinha\Downloads\consumer\consumer\target\classes started by Anmol Sinha in C:\Users\Anmol Sinha\Downloads\consumer)
2025-04-17 11:07:03 [main] INFO  com.example.consumer.ConsumerApplication - No active profile set, falling back to 1 default profile: "default"
2025-04-17 11:07:04 [main] INFO  org.springframework.data.repository.config.RepositoryConfigurationDelegate - Multiple Spring Data modules found, entering strict repository configuration mode
2025-04-17 11:07:04 [main] INFO  org.springframework.data.repository.config.RepositoryConfigurationDelegate - Bootstrapping Spring Data JPA repositories in DEFAULT mode.
2025-04-17 11:07:04 [main] INFO  org.springframework.data.repository.config.RepositoryConfigurationDelegate - Finished Spring Data repository scanning in 110 ms. Found 1 JPA repository interface.
2025-04-17 11:07:04 [main] INFO  org.springframework.data.repository.config.RepositoryConfigurationDelegate - Multiple Spring Data modules found, entering strict repository configuration mode
2025-04-17 11:07:04 [main] INFO  org.springframework.data.repository.config.RepositoryConfigurationDelegate - Bootstrapping Spring Data Redis repositories in DEFAULT mode.
2025-04-17 11:07:04 [main] INFO  org.springframework.data.repository.config.RepositoryConfigurationExtensionSupport - Spring Data Redis - Could not safely identify store assignment for repository candidate interface com.example.consumer.repository.ComplaintRepository; If you want this repository to be a Redis repository, consider annotating your entities with one of these annotations: org.springframework.data.redis.core.RedisHash (preferred), or consider extending one of the following types with your repository: org.springframework.data.keyvalue.repository.KeyValueRepository
2025-04-17 11:07:04 [main] INFO  org.springframework.data.repository.config.RepositoryConfigurationDelegate - Finished Spring Data repository scanning in 5 ms. Found 0 Redis repository interfaces.
2025-04-17 11:07:04 [main] INFO  org.springframework.boot.web.embedded.tomcat.TomcatWebServer - Tomcat initialized with port 8081 (http)
2025-04-17 11:07:04 [main] INFO  org.apache.coyote.http11.Http11NioProtocol - Initializing ProtocolHandler ["http-nio-8081"]
2025-04-17 11:07:04 [main] INFO  org.apache.catalina.core.StandardService - Starting service [Tomcat]
2025-04-17 11:07:04 [main] INFO  org.apache.catalina.core.StandardEngine - Starting Servlet engine: [Apache Tomcat/10.1.31]
2025-04-17 11:07:04 [main] INFO  org.apache.catalina.core.ContainerBase.[Tomcat].[localhost].[/] - Initializing Spring embedded WebApplicationContext
2025-04-17 11:07:04 [main] INFO  org.springframework.boot.web.servlet.context.ServletWebServerApplicationContext - Root WebApplicationContext: initialization completed in 1544 ms
2025-04-17 11:07:05 [main] INFO  org.hibernate.jpa.internal.util.LogHelper - HHH000204: Processing PersistenceUnitInfo [name: default]
2025-04-17 11:07:05 [main] INFO  org.hibernate.Version - HHH000412: Hibernate ORM core version 6.5.3.Final
2025-04-17 11:07:05 [main] INFO  org.hibernate.cache.internal.RegionFactoryInitiator - HHH000026: Second-level cache disabled
2025-04-17 11:07:05 [main] INFO  org.springframework.orm.jpa.persistenceunit.SpringPersistenceUnitInfo - No LoadTimeWeaver setup: ignoring JPA class transformer
2025-04-17 11:07:05 [main] INFO  com.zaxxer.hikari.HikariDataSource - HikariPool-1 - Starting...
2025-04-17 11:07:05 [main] INFO  com.zaxxer.hikari.pool.HikariPool - HikariPool-1 - Added connection com.mysql.cj.jdbc.ConnectionImpl@7381d6f0
2025-04-17 11:07:05 [main] INFO  com.zaxxer.hikari.HikariDataSource - HikariPool-1 - Start completed.
2025-04-17 11:07:06 [main] WARN  org.hibernate.orm.deprecation - HHH90000025: MySQLDialect does not need to be specified explicitly using 'hibernate.dialect' (remove the property setting and it will be selected by default)
2025-04-17 11:07:06 [main] INFO  org.hibernate.engine.transaction.jta.platform.internal.JtaPlatformInitiator - HHH000489: No JTA platform available (set 'hibernate.transaction.jta.platform' to enable JTA platform integration)
2025-04-17 11:07:06 [main] INFO  org.springframework.orm.jpa.LocalContainerEntityManagerFactoryBean - Initialized JPA EntityManagerFactory for persistence unit 'default'
2025-04-17 11:07:06 [main] INFO  com.example.consumer.config.RedisConfig - Initializing Redis Connection Factory with Host: 10.200.208.98 and Port: 32549
2025-04-17 11:07:06 [main] INFO  com.example.consumer.config.RedisConfig - Configuring Redis Template...
2025-04-17 11:07:07 [main] INFO  com.example.consumer.config.RedisConfig - Redis Template successfully initialized.
2025-04-17 11:07:07 [main] INFO  org.springframework.data.jpa.repository.query.QueryEnhancerFactory - Hibernate is in classpath; If applicable, HQL parser will be used.
2025-04-17 11:07:07 [main] INFO  com.example.consumer.config.RabbitMQConfig - Using existing Direct Exchange: complaint_exchange1
2025-04-17 11:07:07 [main] INFO  com.example.consumer.config.RabbitMQConfig - Using existing Queue: infrastructure_queue2
2025-04-17 11:07:07 [main] INFO  com.example.consumer.config.RabbitMQConfig - Using existing Queue: electricity_queue2
2025-04-17 11:07:07 [main] INFO  com.example.consumer.config.RabbitMQConfig - Using existing Queue: legal_queue2
2025-04-17 11:07:07 [main] INFO  com.example.consumer.config.RabbitMQConfig - Configuring Jackson2JsonMessageConverter for RabbitMQ
2025-04-17 11:07:07 [main] WARN  org.springframework.boot.autoconfigure.orm.jpa.JpaBaseConfiguration$JpaWebConfiguration - spring.jpa.open-in-view is enabled by default. Therefore, database queries may be performed during view rendering. Explicitly configure spring.jpa.open-in-view to disable this warning
2025-04-17 11:07:08 [main] INFO  org.apache.coyote.http11.Http11NioProtocol - Starting ProtocolHandler ["http-nio-8081"]
2025-04-17 11:07:08 [main] INFO  org.springframework.boot.web.embedded.tomcat.TomcatWebServer - Tomcat started on port 8081 (http) with context path '/'
2025-04-17 11:07:08 [main] INFO  org.springframework.amqp.rabbit.connection.CachingConnectionFactory - Attempting to connect to: [10.200.208.98:30280]
2025-04-17 11:07:08 [main] INFO  org.springframework.amqp.rabbit.connection.CachingConnectionFactory - Created new connection: rabbitConnectionFactory#12c66345:0/SimpleConnection@20bd4fd2 [delegate=amqp://user@10.200.208.98:30280/, localPort=53548]
2025-04-17 11:07:08 [main] INFO  com.example.consumer.ConsumerApplication - Started ConsumerApplication in 5.655 seconds (process running for 6.711)
2025-04-17 11:07:08 [main] INFO  com.example.consumer.ConsumerApplication - Ready to receive complaints from queue : 
2025-04-17 11:07:59 [http-nio-8081-exec-1] INFO  org.apache.catalina.core.ContainerBase.[Tomcat].[localhost].[/] - Initializing Spring DispatcherServlet 'dispatcherServlet'
2025-04-17 11:07:59 [http-nio-8081-exec-1] INFO  org.springframework.web.servlet.DispatcherServlet - Initializing Servlet 'dispatcherServlet'
2025-04-17 11:07:59 [http-nio-8081-exec-1] INFO  org.springframework.web.servlet.DispatcherServlet - Completed initialization in 27 ms
2025-04-17 11:08:00 [http-nio-8081-exec-2] INFO  com.example.consumer.controller.ComplaintController - Generated complaint ID: 80
2025-04-17 11:08:02 [org.springframework.amqp.rabbit.RabbitListenerEndpointContainer#1-1] INFO  com.example.consumer.service.RabbitMQConsumer - Received headers: {traceparent=00-9fe666c67017c73d32291c10f88d8002-3f352075e114d7ae-01, user-id=80}
2025-04-17 11:08:02 [org.springframework.amqp.rabbit.RabbitListenerEndpointContainer#1-1] INFO  com.example.consumer.service.RabbitMQConsumer - Processing complaint from user 80: Complaint{id='80', name='Rohit', issueType='electricity', description='e'}
2025-04-17 11:08:02 [org.springframework.amqp.rabbit.RabbitListenerEndpointContainer#1-1] INFO  com.example.consumer.service.ElectricityService - Processing electricity complaint from user 80: Complaint{id='80', name='Rohit', issueType='electricity', description='e'}
2025-04-17 11:08:04 [org.springframework.amqp.rabbit.RabbitListenerEndpointContainer#1-1] INFO  com.example.consumer.service.ElectricityService - Electricity team analyzing issue...
2025-04-17 11:08:06 [org.springframework.amqp.rabbit.RabbitListenerEndpointContainer#1-1] INFO  com.example.consumer.service.ElectricityService - Electricity team fixing the issue...
2025-04-17 11:08:08 [org.springframework.amqp.rabbit.RabbitListenerEndpointContainer#1-1] INFO  com.example.consumer.service.ElectricityService - Electricity issue resolved!
2025-04-17 11:08:08 [org.springframework.amqp.rabbit.RabbitListenerEndpointContainer#1-1] INFO  com.example.consumer.service.RedisService - Saving complaint to Redis: Complaint{id='80', name='Rohit', issueType='electricity', description='e'}
2025-04-17 11:08:09 [org.springframework.amqp.rabbit.RabbitListenerEndpointContainer#1-1] INFO  com.example.consumer.service.RedisService - Removed old complaint from Redis: Complaint{id='77', name='Anmol', issueType='legal', description='lll'}
2025-04-17 11:08:09 [org.springframework.amqp.rabbit.RabbitListenerEndpointContainer#1-1] INFO  com.example.consumer.service.RedisService - Updated Redis List: [Complaint{id='80', name='Rohit', issueType='electricity', description='e'}, Complaint{id='79', name='Hehe', issueType='electricity', description='a'}, Complaint{id='78', name='Hehe', issueType='infrastructure', description='d'}]
2025-04-17 11:08:09 [org.springframework.amqp.rabbit.RabbitListenerEndpointContainer#1-1] INFO  com.example.consumer.service.ElectricityService - Complaint saved to MySQL and Redis successfully.
2025-04-17 11:20:52 [http-nio-8081-exec-4] INFO  com.example.consumer.controller.ComplaintController - Fetching top complaints:
2025-04-17 11:20:52 [http-nio-8081-exec-4] INFO  com.example.consumer.service.RedisService - Fetching top complaints from Redis.
2025-04-17 11:20:52 [http-nio-8081-exec-4] INFO  com.example.consumer.service.RedisService - Top complaints retrieved: [Complaint{id='80', name='Rohit', issueType='electricity', description='e'}, Complaint{id='79', name='Hehe', issueType='electricity', description='a'}, Complaint{id='78', name='Hehe', issueType='infrastructure', description='d'}]
2025-04-17 11:26:22 [http-nio-8081-exec-7] INFO  com.example.consumer.controller.ComplaintController - Generated complaint ID: 81
2025-04-17 11:26:22 [org.springframework.amqp.rabbit.RabbitListenerEndpointContainer#2-1] INFO  com.example.consumer.service.RabbitMQConsumer - Received headers: {traceparent=00-1d63c69a7513035ca81d427ca9230886-7db21ac0c4a07793-01, user-id=81}
2025-04-17 11:26:22 [org.springframework.amqp.rabbit.RabbitListenerEndpointContainer#2-1] INFO  com.example.consumer.service.RabbitMQConsumer - Processing complaint from user 81: Complaint{id='81', name='a', issueType='infrastructure', description='a'}
2025-04-17 11:26:22 [org.springframework.amqp.rabbit.RabbitListenerEndpointContainer#2-1] INFO  com.example.consumer.service.LegalService - Processing infrastructure complaint from user 81: Complaint{id='81', name='a', issueType='infrastructure', description='a'}
2025-04-17 11:26:25 [org.springframework.amqp.rabbit.RabbitListenerEndpointContainer#2-1] INFO  com.example.consumer.service.LegalService - Infrastructure team analyzing issue...
2025-04-17 11:26:27 [org.springframework.amqp.rabbit.RabbitListenerEndpointContainer#2-1] INFO  com.example.consumer.service.LegalService - Infrastructure team fixing the issue...
2025-04-17 11:26:29 [org.springframework.amqp.rabbit.RabbitListenerEndpointContainer#2-1] INFO  com.example.consumer.service.LegalService - Infrastructure issue resolved!
2025-04-17 11:26:29 [org.springframework.amqp.rabbit.RabbitListenerEndpointContainer#2-1] INFO  com.example.consumer.service.RedisService - Saving complaint to Redis: Complaint{id='81', name='a', issueType='infrastructure', description='a'}
2025-04-17 11:26:29 [org.springframework.amqp.rabbit.RabbitListenerEndpointContainer#2-1] INFO  com.example.consumer.service.RedisService - Removed old complaint from Redis: Complaint{id='78', name='Hehe', issueType='infrastructure', description='d'}
2025-04-17 11:26:29 [org.springframework.amqp.rabbit.RabbitListenerEndpointContainer#2-1] INFO  com.example.consumer.service.RedisService - Updated Redis List: [Complaint{id='81', name='a', issueType='infrastructure', description='a'}, Complaint{id='80', name='Rohit', issueType='electricity', description='e'}, Complaint{id='79', name='Hehe', issueType='electricity', description='a'}]
2025-04-17 11:26:29 [org.springframework.amqp.rabbit.RabbitListenerEndpointContainer#2-1] INFO  com.example.consumer.service.LegalService - Complaint saved to MySQL and Redis successfully.
2025-04-17 11:30:20 [org.springframework.amqp.rabbit.RabbitListenerEndpointContainer#0-2] INFO  org.springframework.amqp.rabbit.listener.SimpleMessageListenerContainer - Waiting for workers to finish.
2025-04-17 11:30:20 [org.springframework.amqp.rabbit.RabbitListenerEndpointContainer#1-2] INFO  org.springframework.amqp.rabbit.listener.SimpleMessageListenerContainer - Waiting for workers to finish.
2025-04-17 11:30:20 [org.springframework.amqp.rabbit.RabbitListenerEndpointContainer#2-2] INFO  org.springframework.amqp.rabbit.listener.SimpleMessageListenerContainer - Waiting for workers to finish.
2025-04-17 11:30:20 [org.springframework.amqp.rabbit.RabbitListenerEndpointContainer#0-2] INFO  org.springframework.amqp.rabbit.listener.SimpleMessageListenerContainer - Successfully waited for workers to finish.
2025-04-17 11:30:20 [org.springframework.amqp.rabbit.RabbitListenerEndpointContainer#1-2] INFO  org.springframework.amqp.rabbit.listener.SimpleMessageListenerContainer - Successfully waited for workers to finish.
2025-04-17 11:30:21 [org.springframework.amqp.rabbit.RabbitListenerEndpointContainer#2-2] INFO  org.springframework.amqp.rabbit.listener.SimpleMessageListenerContainer - Successfully waited for workers to finish.
2025-04-17 11:30:21 [SpringApplicationShutdownHook] INFO  org.springframework.orm.jpa.LocalContainerEntityManagerFactoryBean - Closing JPA EntityManagerFactory for persistence unit 'default'
2025-04-17 11:30:21 [SpringApplicationShutdownHook] INFO  com.zaxxer.hikari.HikariDataSource - HikariPool-1 - Shutdown initiated...
2025-04-17 11:30:21 [SpringApplicationShutdownHook] INFO  com.zaxxer.hikari.HikariDataSource - HikariPool-1 - Shutdown completed.
2025-04-17 11:30:26 [main] INFO  com.example.consumer.ConsumerApplication - Starting ConsumerApplication using Java 23.0.2 with PID 22636 (C:\Users\Anmol Sinha\Downloads\consumer\consumer\target\classes started by Anmol Sinha in C:\Users\Anmol Sinha\Downloads\consumer)
2025-04-17 11:30:26 [main] INFO  com.example.consumer.ConsumerApplication - No active profile set, falling back to 1 default profile: "default"
2025-04-17 11:30:27 [main] INFO  org.springframework.data.repository.config.RepositoryConfigurationDelegate - Multiple Spring Data modules found, entering strict repository configuration mode
2025-04-17 11:30:27 [main] INFO  org.springframework.data.repository.config.RepositoryConfigurationDelegate - Bootstrapping Spring Data JPA repositories in DEFAULT mode.
2025-04-17 11:30:27 [main] INFO  org.springframework.data.repository.config.RepositoryConfigurationDelegate - Finished Spring Data repository scanning in 135 ms. Found 1 JPA repository interface.
2025-04-17 11:30:27 [main] INFO  org.springframework.data.repository.config.RepositoryConfigurationDelegate - Multiple Spring Data modules found, entering strict repository configuration mode
2025-04-17 11:30:27 [main] INFO  org.springframework.data.repository.config.RepositoryConfigurationDelegate - Bootstrapping Spring Data Redis repositories in DEFAULT mode.
2025-04-17 11:30:27 [main] INFO  org.springframework.data.repository.config.RepositoryConfigurationExtensionSupport - Spring Data Redis - Could not safely identify store assignment for repository candidate interface com.example.consumer.repository.ComplaintRepository; If you want this repository to be a Redis repository, consider annotating your entities with one of these annotations: org.springframework.data.redis.core.RedisHash (preferred), or consider extending one of the following types with your repository: org.springframework.data.keyvalue.repository.KeyValueRepository
2025-04-17 11:30:27 [main] INFO  org.springframework.data.repository.config.RepositoryConfigurationDelegate - Finished Spring Data repository scanning in 5 ms. Found 0 Redis repository interfaces.
2025-04-17 11:30:27 [main] INFO  org.springframework.boot.web.embedded.tomcat.TomcatWebServer - Tomcat initialized with port 8081 (http)
2025-04-17 11:30:27 [main] INFO  org.apache.coyote.http11.Http11NioProtocol - Initializing ProtocolHandler ["http-nio-8081"]
2025-04-17 11:30:27 [main] INFO  org.apache.catalina.core.StandardService - Starting service [Tomcat]
2025-04-17 11:30:27 [main] INFO  org.apache.catalina.core.StandardEngine - Starting Servlet engine: [Apache Tomcat/10.1.31]
2025-04-17 11:30:27 [main] INFO  org.apache.catalina.core.ContainerBase.[Tomcat].[localhost].[/] - Initializing Spring embedded WebApplicationContext
2025-04-17 11:30:27 [main] INFO  org.springframework.boot.web.servlet.context.ServletWebServerApplicationContext - Root WebApplicationContext: initialization completed in 1732 ms
2025-04-17 11:30:28 [main] INFO  org.hibernate.jpa.internal.util.LogHelper - HHH000204: Processing PersistenceUnitInfo [name: default]
2025-04-17 11:30:28 [main] INFO  org.hibernate.Version - HHH000412: Hibernate ORM core version 6.5.3.Final
2025-04-17 11:30:28 [main] INFO  org.hibernate.cache.internal.RegionFactoryInitiator - HHH000026: Second-level cache disabled
2025-04-17 11:30:28 [main] INFO  org.springframework.orm.jpa.persistenceunit.SpringPersistenceUnitInfo - No LoadTimeWeaver setup: ignoring JPA class transformer
2025-04-17 11:30:28 [main] INFO  com.zaxxer.hikari.HikariDataSource - HikariPool-1 - Starting...
2025-04-17 11:30:30 [main] INFO  com.zaxxer.hikari.pool.HikariPool - HikariPool-1 - Added connection com.mysql.cj.jdbc.ConnectionImpl@1c0680b0
2025-04-17 11:30:30 [main] INFO  com.zaxxer.hikari.HikariDataSource - HikariPool-1 - Start completed.
2025-04-17 11:30:30 [main] WARN  org.hibernate.orm.deprecation - HHH90000025: MySQLDialect does not need to be specified explicitly using 'hibernate.dialect' (remove the property setting and it will be selected by default)
2025-04-17 11:30:31 [main] INFO  org.hibernate.engine.transaction.jta.platform.internal.JtaPlatformInitiator - HHH000489: No JTA platform available (set 'hibernate.transaction.jta.platform' to enable JTA platform integration)
2025-04-17 11:30:31 [main] INFO  org.springframework.orm.jpa.LocalContainerEntityManagerFactoryBean - Initialized JPA EntityManagerFactory for persistence unit 'default'
2025-04-17 11:30:31 [main] INFO  com.example.consumer.config.RedisConfig - Initializing Redis Connection Factory with Host: 10.200.208.98 and Port: 32549
2025-04-17 11:30:31 [main] INFO  com.example.consumer.config.RedisConfig - Configuring Redis Template...
2025-04-17 11:30:31 [main] INFO  com.example.consumer.config.RedisConfig - Redis Template successfully initialized.
2025-04-17 11:30:31 [main] INFO  org.springframework.data.jpa.repository.query.QueryEnhancerFactory - Hibernate is in classpath; If applicable, HQL parser will be used.
2025-04-17 11:30:32 [main] INFO  com.example.consumer.config.RabbitMQConfig - Using existing Direct Exchange: complaint_exchange1
2025-04-17 11:30:32 [main] INFO  com.example.consumer.config.RabbitMQConfig - Using existing Queue: infrastructure_queue2
2025-04-17 11:30:32 [main] INFO  com.example.consumer.config.RabbitMQConfig - Using existing Queue: electricity_queue2
2025-04-17 11:30:32 [main] INFO  com.example.consumer.config.RabbitMQConfig - Using existing Queue: legal_queue2
2025-04-17 11:30:32 [main] INFO  com.example.consumer.config.RabbitMQConfig - Configuring Jackson2JsonMessageConverter for RabbitMQ
2025-04-17 11:30:32 [main] WARN  org.springframework.boot.autoconfigure.orm.jpa.JpaBaseConfiguration$JpaWebConfiguration - spring.jpa.open-in-view is enabled by default. Therefore, database queries may be performed during view rendering. Explicitly configure spring.jpa.open-in-view to disable this warning
2025-04-17 11:30:33 [main] INFO  org.apache.coyote.http11.Http11NioProtocol - Starting ProtocolHandler ["http-nio-8081"]
2025-04-17 11:30:33 [main] INFO  org.springframework.boot.web.embedded.tomcat.TomcatWebServer - Tomcat started on port 8081 (http) with context path '/'
2025-04-17 11:30:33 [main] INFO  org.springframework.amqp.rabbit.connection.CachingConnectionFactory - Attempting to connect to: [10.200.208.98:30280]
2025-04-17 11:30:33 [main] INFO  org.springframework.amqp.rabbit.connection.CachingConnectionFactory - Created new connection: rabbitConnectionFactory#3e1596c3:0/SimpleConnection@4f7bb581 [delegate=amqp://user@10.200.208.98:30280/, localPort=54691]
2025-04-17 11:30:33 [main] INFO  com.example.consumer.ConsumerApplication - Started ConsumerApplication in 8.203 seconds (process running for 9.314)
2025-04-17 11:30:33 [main] INFO  com.example.consumer.ConsumerApplication - Ready to receive complaints from queue : 
2025-04-17 11:30:48 [http-nio-8081-exec-1] INFO  org.apache.catalina.core.ContainerBase.[Tomcat].[localhost].[/] - Initializing Spring DispatcherServlet 'dispatcherServlet'
2025-04-17 11:30:48 [http-nio-8081-exec-1] INFO  org.springframework.web.servlet.DispatcherServlet - Initializing Servlet 'dispatcherServlet'
2025-04-17 11:30:48 [http-nio-8081-exec-1] INFO  org.springframework.web.servlet.DispatcherServlet - Completed initialization in 1 ms
2025-04-17 11:30:48 [http-nio-8081-exec-1] INFO  com.example.consumer.controller.ComplaintController - Fetching top complaints:
2025-04-17 11:30:48 [http-nio-8081-exec-1] INFO  com.example.consumer.service.RedisService - Fetching top complaints from Redis.
2025-04-17 11:30:49 [http-nio-8081-exec-1] INFO  com.example.consumer.service.RedisService - Top complaints retrieved: [Complaint{id='81', name='a', issueType='infrastructure', description='a'}, Complaint{id='80', name='Rohit', issueType='electricity', description='e'}, Complaint{id='79', name='Hehe', issueType='electricity', description='a'}]
2025-04-17 11:30:56 [http-nio-8081-exec-3] INFO  com.example.consumer.controller.ComplaintController - Generated complaint ID: 82
2025-04-17 11:30:56 [org.springframework.amqp.rabbit.RabbitListenerEndpointContainer#1-1] INFO  com.example.consumer.service.RabbitMQConsumer - Received headers: {traceparent=00-356f7f112d29e98a6287b1ee4bc660f1-072b97f32952e35f-01, user-id=82}
2025-04-17 11:30:56 [org.springframework.amqp.rabbit.RabbitListenerEndpointContainer#1-1] INFO  com.example.consumer.service.RabbitMQConsumer - Processing complaint from user 82: Complaint{id='82', name='a', issueType='electricity', description='a'}
2025-04-17 11:30:56 [org.springframework.amqp.rabbit.RabbitListenerEndpointContainer#1-1] INFO  com.example.consumer.service.ElectricityService - Processing electricity complaint from user 82: Complaint{id='82', name='a', issueType='electricity', description='a'}
2025-04-17 11:30:58 [org.springframework.amqp.rabbit.RabbitListenerEndpointContainer#1-1] INFO  com.example.consumer.service.ElectricityService - Electricity team analyzing issue...
2025-04-17 11:31:00 [org.springframework.amqp.rabbit.RabbitListenerEndpointContainer#1-1] INFO  com.example.consumer.service.ElectricityService - Electricity team fixing the issue...
2025-04-17 11:31:02 [org.springframework.amqp.rabbit.RabbitListenerEndpointContainer#1-1] INFO  com.example.consumer.service.ElectricityService - Electricity issue resolved!
2025-04-17 11:31:02 [org.springframework.amqp.rabbit.RabbitListenerEndpointContainer#1-1] INFO  com.example.consumer.service.RedisService - Saving complaint to Redis: Complaint{id='82', name='a', issueType='electricity', description='a'}
2025-04-17 11:31:02 [org.springframework.amqp.rabbit.RabbitListenerEndpointContainer#1-1] INFO  com.example.consumer.service.RedisService - Removed old complaint from Redis: Complaint{id='79', name='Hehe', issueType='electricity', description='a'}
2025-04-17 11:31:03 [org.springframework.amqp.rabbit.RabbitListenerEndpointContainer#1-1] INFO  com.example.consumer.service.RedisService - Updated Redis List: [Complaint{id='82', name='a', issueType='electricity', description='a'}, Complaint{id='81', name='a', issueType='infrastructure', description='a'}, Complaint{id='80', name='Rohit', issueType='electricity', description='e'}]
2025-04-17 11:31:03 [org.springframework.amqp.rabbit.RabbitListenerEndpointContainer#1-1] INFO  com.example.consumer.service.ElectricityService - Complaint saved to MySQL and Redis successfully.
2025-04-17 11:31:09 [OkHttp http://10.200.208.98:4317/...] WARN  io.opentelemetry.exporter.internal.grpc.GrpcExporter - Failed to export spans. Server responded with gRPC status code 2. Error message: Failed to connect to /10.200.208.98:4317
2025-04-17 11:33:57 [http-nio-8081-exec-2] INFO  com.example.consumer.controller.ComplaintController - Generated complaint ID: 83
2025-04-17 11:33:57 [org.springframework.amqp.rabbit.RabbitListenerEndpointContainer#0-1] INFO  com.example.consumer.service.RabbitMQConsumer - Received headers: {traceparent=00-5cff42c6b209584025ba192ada7b4a57-b4b8c40c49853c73-01, user-id=83}
2025-04-17 11:33:57 [org.springframework.amqp.rabbit.RabbitListenerEndpointContainer#0-1] INFO  com.example.consumer.service.RabbitMQConsumer - Processing complaint from user 83: Complaint{id='83', name='A', issueType='infrastructure', description='a'}
2025-04-17 11:33:57 [org.springframework.amqp.rabbit.RabbitListenerEndpointContainer#0-1] INFO  com.example.consumer.service.LegalService - Processing infrastructure complaint from user 83: Complaint{id='83', name='A', issueType='infrastructure', description='a'}
2025-04-17 11:33:59 [org.springframework.amqp.rabbit.RabbitListenerEndpointContainer#0-1] INFO  com.example.consumer.service.LegalService - Infrastructure team analyzing issue...
2025-04-17 11:34:01 [org.springframework.amqp.rabbit.RabbitListenerEndpointContainer#0-1] INFO  com.example.consumer.service.LegalService - Infrastructure team fixing the issue...
2025-04-17 11:34:03 [org.springframework.amqp.rabbit.RabbitListenerEndpointContainer#0-1] INFO  com.example.consumer.service.LegalService - Infrastructure issue resolved!
2025-04-17 11:34:04 [org.springframework.amqp.rabbit.RabbitListenerEndpointContainer#0-1] INFO  com.example.consumer.service.RedisService - Saving complaint to Redis: Complaint{id='83', name='A', issueType='infrastructure', description='a'}
2025-04-17 11:34:04 [org.springframework.amqp.rabbit.RabbitListenerEndpointContainer#0-1] INFO  com.example.consumer.service.RedisService - Removed old complaint from Redis: Complaint{id='80', name='Rohit', issueType='electricity', description='e'}
2025-04-17 11:34:04 [org.springframework.amqp.rabbit.RabbitListenerEndpointContainer#0-1] INFO  com.example.consumer.service.RedisService - Updated Redis List: [Complaint{id='83', name='A', issueType='infrastructure', description='a'}, Complaint{id='82', name='a', issueType='electricity', description='a'}, Complaint{id='81', name='a', issueType='infrastructure', description='a'}]
2025-04-17 11:34:04 [org.springframework.amqp.rabbit.RabbitListenerEndpointContainer#0-1] INFO  com.example.consumer.service.LegalService - Complaint saved to MySQL and Redis successfully.
2025-04-17 11:34:07 [OkHttp http://10.200.208.98:4317/...] WARN  io.opentelemetry.exporter.internal.grpc.GrpcExporter - Failed to export spans. Server responded with gRPC status code 2. Error message: Failed to connect to /10.200.208.98:4317
2025-04-17 11:55:30 [org.springframework.amqp.rabbit.RabbitListenerEndpointContainer#2-2] INFO  org.springframework.amqp.rabbit.listener.SimpleMessageListenerContainer - Waiting for workers to finish.
2025-04-17 11:55:30 [org.springframework.amqp.rabbit.RabbitListenerEndpointContainer#0-2] INFO  org.springframework.amqp.rabbit.listener.SimpleMessageListenerContainer - Waiting for workers to finish.
2025-04-17 11:55:30 [org.springframework.amqp.rabbit.RabbitListenerEndpointContainer#1-2] INFO  org.springframework.amqp.rabbit.listener.SimpleMessageListenerContainer - Waiting for workers to finish.
2025-04-17 11:55:31 [org.springframework.amqp.rabbit.RabbitListenerEndpointContainer#1-2] INFO  org.springframework.amqp.rabbit.listener.SimpleMessageListenerContainer - Successfully waited for workers to finish.
2025-04-17 11:55:31 [org.springframework.amqp.rabbit.RabbitListenerEndpointContainer#2-2] INFO  org.springframework.amqp.rabbit.listener.SimpleMessageListenerContainer - Successfully waited for workers to finish.
2025-04-17 11:55:31 [org.springframework.amqp.rabbit.RabbitListenerEndpointContainer#0-2] INFO  org.springframework.amqp.rabbit.listener.SimpleMessageListenerContainer - Successfully waited for workers to finish.
2025-04-17 11:55:32 [SpringApplicationShutdownHook] INFO  org.springframework.orm.jpa.LocalContainerEntityManagerFactoryBean - Closing JPA EntityManagerFactory for persistence unit 'default'
2025-04-17 11:55:32 [SpringApplicationShutdownHook] INFO  com.zaxxer.hikari.HikariDataSource - HikariPool-1 - Shutdown initiated...
2025-04-17 11:55:32 [SpringApplicationShutdownHook] INFO  com.zaxxer.hikari.HikariDataSource - HikariPool-1 - Shutdown completed.
2025-04-17 11:55:36 [main] INFO  com.example.consumer.ConsumerApplication - Starting ConsumerApplication using Java 23.0.2 with PID 8400 (C:\Users\Anmol Sinha\Downloads\consumer\consumer\target\classes started by Anmol Sinha in C:\Users\Anmol Sinha\Downloads\consumer)
2025-04-17 11:55:36 [main] INFO  com.example.consumer.ConsumerApplication - No active profile set, falling back to 1 default profile: "default"
2025-04-17 11:55:37 [main] INFO  org.springframework.data.repository.config.RepositoryConfigurationDelegate - Multiple Spring Data modules found, entering strict repository configuration mode
2025-04-17 11:55:37 [main] INFO  org.springframework.data.repository.config.RepositoryConfigurationDelegate - Bootstrapping Spring Data JPA repositories in DEFAULT mode.
2025-04-17 11:55:37 [main] INFO  org.springframework.data.repository.config.RepositoryConfigurationDelegate - Finished Spring Data repository scanning in 136 ms. Found 1 JPA repository interface.
2025-04-17 11:55:37 [main] INFO  org.springframework.data.repository.config.RepositoryConfigurationDelegate - Multiple Spring Data modules found, entering strict repository configuration mode
2025-04-17 11:55:37 [main] INFO  org.springframework.data.repository.config.RepositoryConfigurationDelegate - Bootstrapping Spring Data Redis repositories in DEFAULT mode.
2025-04-17 11:55:37 [main] INFO  org.springframework.data.repository.config.RepositoryConfigurationExtensionSupport - Spring Data Redis - Could not safely identify store assignment for repository candidate interface com.example.consumer.repository.ComplaintRepository; If you want this repository to be a Redis repository, consider annotating your entities with one of these annotations: org.springframework.data.redis.core.RedisHash (preferred), or consider extending one of the following types with your repository: org.springframework.data.keyvalue.repository.KeyValueRepository
2025-04-17 11:55:37 [main] INFO  org.springframework.data.repository.config.RepositoryConfigurationDelegate - Finished Spring Data repository scanning in 5 ms. Found 0 Redis repository interfaces.
2025-04-17 11:55:37 [main] INFO  org.springframework.boot.web.embedded.tomcat.TomcatWebServer - Tomcat initialized with port 8081 (http)
2025-04-17 11:55:37 [main] INFO  org.apache.coyote.http11.Http11NioProtocol - Initializing ProtocolHandler ["http-nio-8081"]
2025-04-17 11:55:37 [main] INFO  org.apache.catalina.core.StandardService - Starting service [Tomcat]
2025-04-17 11:55:37 [main] INFO  org.apache.catalina.core.StandardEngine - Starting Servlet engine: [Apache Tomcat/10.1.31]
2025-04-17 11:55:38 [main] INFO  org.apache.catalina.core.ContainerBase.[Tomcat].[localhost].[/] - Initializing Spring embedded WebApplicationContext
2025-04-17 11:55:38 [main] INFO  org.springframework.boot.web.servlet.context.ServletWebServerApplicationContext - Root WebApplicationContext: initialization completed in 1636 ms
2025-04-17 11:55:38 [main] INFO  org.hibernate.jpa.internal.util.LogHelper - HHH000204: Processing PersistenceUnitInfo [name: default]
2025-04-17 11:55:38 [main] INFO  org.hibernate.Version - HHH000412: Hibernate ORM core version 6.5.3.Final
2025-04-17 11:55:38 [main] INFO  org.hibernate.cache.internal.RegionFactoryInitiator - HHH000026: Second-level cache disabled
2025-04-17 11:55:38 [main] INFO  org.springframework.orm.jpa.persistenceunit.SpringPersistenceUnitInfo - No LoadTimeWeaver setup: ignoring JPA class transformer
2025-04-17 11:55:38 [main] INFO  com.zaxxer.hikari.HikariDataSource - HikariPool-1 - Starting...
2025-04-17 11:55:39 [main] INFO  com.zaxxer.hikari.pool.HikariPool - HikariPool-1 - Added connection com.mysql.cj.jdbc.ConnectionImpl@1c0680b0
2025-04-17 11:55:39 [main] INFO  com.zaxxer.hikari.HikariDataSource - HikariPool-1 - Start completed.
2025-04-17 11:55:39 [main] WARN  org.hibernate.orm.deprecation - HHH90000025: MySQLDialect does not need to be specified explicitly using 'hibernate.dialect' (remove the property setting and it will be selected by default)
2025-04-17 11:55:39 [main] INFO  org.hibernate.engine.transaction.jta.platform.internal.JtaPlatformInitiator - HHH000489: No JTA platform available (set 'hibernate.transaction.jta.platform' to enable JTA platform integration)
2025-04-17 11:55:39 [main] INFO  org.springframework.orm.jpa.LocalContainerEntityManagerFactoryBean - Initialized JPA EntityManagerFactory for persistence unit 'default'
2025-04-17 11:55:39 [main] INFO  com.example.consumer.config.RedisConfig - Initializing Redis Connection Factory with Host: 10.200.208.98 and Port: 32549
2025-04-17 11:55:40 [main] INFO  com.example.consumer.config.RedisConfig - Configuring Redis Template...
2025-04-17 11:55:40 [main] INFO  com.example.consumer.config.RedisConfig - Redis Template successfully initialized.
2025-04-17 11:55:40 [main] INFO  org.springframework.data.jpa.repository.query.QueryEnhancerFactory - Hibernate is in classpath; If applicable, HQL parser will be used.
2025-04-17 11:55:40 [main] INFO  com.example.consumer.config.RabbitMQConfig - Using existing Direct Exchange: complaint_exchange1
2025-04-17 11:55:40 [main] INFO  com.example.consumer.config.RabbitMQConfig - Using existing Queue: infrastructure_queue2
2025-04-17 11:55:40 [main] INFO  com.example.consumer.config.RabbitMQConfig - Using existing Queue: electricity_queue2
2025-04-17 11:55:40 [main] INFO  com.example.consumer.config.RabbitMQConfig - Using existing Queue: legal_queue2
2025-04-17 11:55:40 [main] INFO  com.example.consumer.config.RabbitMQConfig - Configuring Jackson2JsonMessageConverter for RabbitMQ
2025-04-17 11:55:40 [main] WARN  org.springframework.boot.autoconfigure.orm.jpa.JpaBaseConfiguration$JpaWebConfiguration - spring.jpa.open-in-view is enabled by default. Therefore, database queries may be performed during view rendering. Explicitly configure spring.jpa.open-in-view to disable this warning
2025-04-17 11:55:41 [main] INFO  org.apache.coyote.http11.Http11NioProtocol - Starting ProtocolHandler ["http-nio-8081"]
2025-04-17 11:55:41 [main] INFO  org.springframework.boot.web.embedded.tomcat.TomcatWebServer - Tomcat started on port 8081 (http) with context path '/'
2025-04-17 11:55:41 [main] INFO  org.springframework.amqp.rabbit.connection.CachingConnectionFactory - Attempting to connect to: [10.200.208.98:30280]
2025-04-17 11:55:41 [main] INFO  org.springframework.amqp.rabbit.connection.CachingConnectionFactory - Created new connection: rabbitConnectionFactory#3e1596c3:0/SimpleConnection@4f7bb581 [delegate=amqp://user@10.200.208.98:30280/, localPort=55671]
2025-04-17 11:55:41 [main] INFO  com.example.consumer.ConsumerApplication - Started ConsumerApplication in 5.811 seconds (process running for 6.815)
2025-04-17 11:55:41 [main] INFO  com.example.consumer.ConsumerApplication - Ready to receive complaints from queue : 
2025-04-17 11:57:10 [http-nio-8081-exec-1] INFO  org.apache.catalina.core.ContainerBase.[Tomcat].[localhost].[/] - Initializing Spring DispatcherServlet 'dispatcherServlet'
2025-04-17 11:57:10 [http-nio-8081-exec-1] INFO  org.springframework.web.servlet.DispatcherServlet - Initializing Servlet 'dispatcherServlet'
2025-04-17 11:57:10 [http-nio-8081-exec-1] INFO  org.springframework.web.servlet.DispatcherServlet - Completed initialization in 45 ms
2025-04-17 11:57:11 [http-nio-8081-exec-2] INFO  com.example.consumer.controller.ComplaintController - Generated complaint ID: 84
2025-04-17 11:57:12 [org.springframework.amqp.rabbit.RabbitListenerEndpointContainer#2-1] INFO  com.example.consumer.service.RabbitMQConsumer - Received headers: {traceparent=00-8abf77ef900fc344228165d64b4bfd23-23d93289016f22b7-01, user-id=84}
2025-04-17 11:57:12 [org.springframework.amqp.rabbit.RabbitListenerEndpointContainer#2-1] INFO  com.example.consumer.service.RabbitMQConsumer - Processing complaint from user 84: Complaint{id='84', name='The Anmol', issueType='legal', description='n'}
2025-04-17 11:57:12 [org.springframework.amqp.rabbit.RabbitListenerEndpointContainer#2-1] INFO  com.example.consumer.service.LegalService - Processing legal complaint from user 84: Complaint{id='84', name='The Anmol', issueType='legal', description='n'}
2025-04-17 11:57:14 [org.springframework.amqp.rabbit.RabbitListenerEndpointContainer#2-1] INFO  com.example.consumer.service.LegalService - Legal team analyzing issue...
2025-04-17 11:57:16 [org.springframework.amqp.rabbit.RabbitListenerEndpointContainer#2-1] INFO  com.example.consumer.service.LegalService - Legal team fixing the issue...
2025-04-17 11:57:18 [org.springframework.amqp.rabbit.RabbitListenerEndpointContainer#2-1] INFO  com.example.consumer.service.LegalService - Legal issue resolved!
2025-04-17 11:57:18 [org.springframework.amqp.rabbit.RabbitListenerEndpointContainer#2-1] INFO  com.example.consumer.service.RedisService - Saving complaint to Redis: Complaint{id='84', name='The Anmol', issueType='legal', description='n'}
2025-04-17 11:57:19 [org.springframework.amqp.rabbit.RabbitListenerEndpointContainer#2-1] INFO  com.example.consumer.service.RedisService - Removed old complaint from Redis: Complaint{id='81', name='a', issueType='infrastructure', description='a'}
2025-04-17 11:57:19 [org.springframework.amqp.rabbit.RabbitListenerEndpointContainer#2-1] INFO  com.example.consumer.service.RedisService - Updated Redis List: [Complaint{id='84', name='The Anmol', issueType='legal', description='n'}, Complaint{id='83', name='A', issueType='infrastructure', description='a'}, Complaint{id='82', name='a', issueType='electricity', description='a'}]
2025-04-17 11:57:19 [org.springframework.amqp.rabbit.RabbitListenerEndpointContainer#2-1] INFO  com.example.consumer.service.LegalService - Complaint saved to MySQL and Redis successfully.
2025-04-17 11:58:33 [http-nio-8081-exec-5] INFO  com.example.consumer.controller.ComplaintController - Generated complaint ID: 85
2025-04-17 11:58:33 [org.springframework.amqp.rabbit.RabbitListenerEndpointContainer#0-1] INFO  com.example.consumer.service.RabbitMQConsumer - Received headers: {traceparent=00-1e6bb0dae98febf84a75d15499df18d1-0602c56d5c656ec8-01, user-id=85}
2025-04-17 11:58:33 [org.springframework.amqp.rabbit.RabbitListenerEndpointContainer#0-1] INFO  com.example.consumer.service.RabbitMQConsumer - Processing complaint from user 85: Complaint{id='85', name='Hemant', issueType='electricity', description='r'}
2025-04-17 11:58:33 [org.springframework.amqp.rabbit.RabbitListenerEndpointContainer#0-1] INFO  com.example.consumer.service.ElectricityService - Processing electricity complaint from user 85: Complaint{id='85', name='Hemant', issueType='electricity', description='r'}
2025-04-17 11:58:35 [org.springframework.amqp.rabbit.RabbitListenerEndpointContainer#0-1] INFO  com.example.consumer.service.ElectricityService - Electricity team analyzing issue...
2025-04-17 11:58:37 [org.springframework.amqp.rabbit.RabbitListenerEndpointContainer#0-1] INFO  com.example.consumer.service.ElectricityService - Electricity team fixing the issue...
2025-04-17 11:58:39 [org.springframework.amqp.rabbit.RabbitListenerEndpointContainer#0-1] INFO  com.example.consumer.service.ElectricityService - Electricity issue resolved!
2025-04-17 11:58:39 [org.springframework.amqp.rabbit.RabbitListenerEndpointContainer#0-1] INFO  com.example.consumer.service.RedisService - Saving complaint to Redis: Complaint{id='85', name='Hemant', issueType='electricity', description='r'}
2025-04-17 11:58:39 [org.springframework.amqp.rabbit.RabbitListenerEndpointContainer#0-1] INFO  com.example.consumer.service.RedisService - Removed old complaint from Redis: Complaint{id='82', name='a', issueType='electricity', description='a'}
2025-04-17 11:58:39 [org.springframework.amqp.rabbit.RabbitListenerEndpointContainer#0-1] INFO  com.example.consumer.service.RedisService - Updated Redis List: [Complaint{id='85', name='Hemant', issueType='electricity', description='r'}, Complaint{id='84', name='The Anmol', issueType='legal', description='n'}, Complaint{id='83', name='A', issueType='infrastructure', description='a'}]
2025-04-17 11:58:39 [org.springframework.amqp.rabbit.RabbitListenerEndpointContainer#0-1] INFO  com.example.consumer.service.ElectricityService - Complaint saved to MySQL and Redis successfully.
2025-04-17 12:22:55 [http-nio-8081-exec-7] INFO  com.example.consumer.controller.ComplaintController - Generated complaint ID: 86
2025-04-17 12:22:58 [org.springframework.amqp.rabbit.RabbitListenerEndpointContainer#0-1] INFO  com.example.consumer.service.RabbitMQConsumer - Received headers: {traceparent=00-9196ed0e224caa42257175dc36aa1cf4-86621547b78dc866-01, user-id=86}
2025-04-17 12:22:58 [org.springframework.amqp.rabbit.RabbitListenerEndpointContainer#0-1] INFO  com.example.consumer.service.RabbitMQConsumer - Processing complaint from user 86: Complaint{id='86', name='a', issueType='electricity', description='a'}
2025-04-17 12:22:58 [org.springframework.amqp.rabbit.RabbitListenerEndpointContainer#0-1] INFO  com.example.consumer.service.ElectricityService - Processing electricity complaint from user 86: Complaint{id='86', name='a', issueType='electricity', description='a'}
2025-04-17 12:23:00 [org.springframework.amqp.rabbit.RabbitListenerEndpointContainer#0-1] INFO  com.example.consumer.service.ElectricityService - Electricity team analyzing issue...
2025-04-17 12:23:02 [org.springframework.amqp.rabbit.RabbitListenerEndpointContainer#0-1] INFO  com.example.consumer.service.ElectricityService - Electricity team fixing the issue...
2025-04-17 12:23:04 [org.springframework.amqp.rabbit.RabbitListenerEndpointContainer#0-1] INFO  com.example.consumer.service.ElectricityService - Electricity issue resolved!
2025-04-17 12:23:04 [org.springframework.amqp.rabbit.RabbitListenerEndpointContainer#0-1] INFO  com.example.consumer.service.RedisService - Saving complaint to Redis: Complaint{id='86', name='a', issueType='electricity', description='a'}
2025-04-17 12:23:04 [org.springframework.amqp.rabbit.RabbitListenerEndpointContainer#0-1] INFO  com.example.consumer.service.RedisService - Removed old complaint from Redis: Complaint{id='83', name='A', issueType='infrastructure', description='a'}
2025-04-17 12:23:04 [org.springframework.amqp.rabbit.RabbitListenerEndpointContainer#0-1] INFO  com.example.consumer.service.RedisService - Updated Redis List: [Complaint{id='86', name='a', issueType='electricity', description='a'}, Complaint{id='85', name='Hemant', issueType='electricity', description='r'}, Complaint{id='84', name='The Anmol', issueType='legal', description='n'}]
2025-04-17 12:23:04 [org.springframework.amqp.rabbit.RabbitListenerEndpointContainer#0-1] INFO  com.example.consumer.service.ElectricityService - Complaint saved to MySQL and Redis successfully.
2025-04-17 12:25:33 [http-nio-8081-exec-9] INFO  com.example.consumer.controller.ComplaintController - Generated complaint ID: 87
2025-04-17 12:25:34 [org.springframework.amqp.rabbit.RabbitListenerEndpointContainer#1-1] INFO  com.example.consumer.service.RabbitMQConsumer - Received headers: {traceparent=00-1bba01820bb14c7d98cc2cd4aa79dde1-d4c61132f3a354f2-01, user-id=87}
2025-04-17 12:25:34 [org.springframework.amqp.rabbit.RabbitListenerEndpointContainer#1-1] INFO  com.example.consumer.service.RabbitMQConsumer - Processing complaint from user 87: Complaint{id='87', name='Rohit', issueType='infrastructure', description='a'}
2025-04-17 12:25:34 [org.springframework.amqp.rabbit.RabbitListenerEndpointContainer#1-1] INFO  com.example.consumer.service.LegalService - Processing infrastructure complaint from user 87: Complaint{id='87', name='Rohit', issueType='infrastructure', description='a'}
2025-04-17 12:25:37 [org.springframework.amqp.rabbit.RabbitListenerEndpointContainer#1-1] INFO  com.example.consumer.service.LegalService - Infrastructure team analyzing issue...
2025-04-17 12:25:39 [org.springframework.amqp.rabbit.RabbitListenerEndpointContainer#1-1] INFO  com.example.consumer.service.LegalService - Infrastructure team fixing the issue...
2025-04-17 12:25:41 [org.springframework.amqp.rabbit.RabbitListenerEndpointContainer#1-1] INFO  com.example.consumer.service.LegalService - Infrastructure issue resolved!
2025-04-17 12:25:41 [org.springframework.amqp.rabbit.RabbitListenerEndpointContainer#1-1] INFO  com.example.consumer.service.RedisService - Saving complaint to Redis: Complaint{id='87', name='Rohit', issueType='infrastructure', description='a'}
2025-04-17 12:25:41 [org.springframework.amqp.rabbit.RabbitListenerEndpointContainer#1-1] INFO  com.example.consumer.service.RedisService - Removed old complaint from Redis: Complaint{id='84', name='The Anmol', issueType='legal', description='n'}
2025-04-17 12:25:41 [org.springframework.amqp.rabbit.RabbitListenerEndpointContainer#1-1] INFO  com.example.consumer.service.RedisService - Updated Redis List: [Complaint{id='87', name='Rohit', issueType='infrastructure', description='a'}, Complaint{id='86', name='a', issueType='electricity', description='a'}, Complaint{id='85', name='Hemant', issueType='electricity', description='r'}]
2025-04-17 12:25:41 [org.springframework.amqp.rabbit.RabbitListenerEndpointContainer#1-1] INFO  com.example.consumer.service.LegalService - Complaint saved to MySQL and Redis successfully.
2025-04-17 12:26:28 [http-nio-8081-exec-1] INFO  com.example.consumer.controller.ComplaintController - Generated complaint ID: 88
2025-04-17 12:26:28 [org.springframework.amqp.rabbit.RabbitListenerEndpointContainer#0-1] INFO  com.example.consumer.service.RabbitMQConsumer - Received headers: {traceparent=00-47d60fbccb47e8763b4a084ea5e04d35-b881436c1e33fa5a-01, user-id=88}
2025-04-17 12:26:28 [org.springframework.amqp.rabbit.RabbitListenerEndpointContainer#0-1] INFO  com.example.consumer.service.RabbitMQConsumer - Processing complaint from user 88: Complaint{id='88', name='a', issueType='electricity', description='a'}
2025-04-17 12:26:28 [org.springframework.amqp.rabbit.RabbitListenerEndpointContainer#0-1] INFO  com.example.consumer.service.ElectricityService - Processing electricity complaint from user 88: Complaint{id='88', name='a', issueType='electricity', description='a'}
2025-04-17 12:26:30 [org.springframework.amqp.rabbit.RabbitListenerEndpointContainer#0-1] INFO  com.example.consumer.service.ElectricityService - Electricity team analyzing issue...
2025-04-17 12:26:32 [org.springframework.amqp.rabbit.RabbitListenerEndpointContainer#0-1] INFO  com.example.consumer.service.ElectricityService - Electricity team fixing the issue...
2025-04-17 12:26:34 [org.springframework.amqp.rabbit.RabbitListenerEndpointContainer#0-1] INFO  com.example.consumer.service.ElectricityService - Electricity issue resolved!
2025-04-17 12:26:34 [org.springframework.amqp.rabbit.RabbitListenerEndpointContainer#0-1] INFO  com.example.consumer.service.RedisService - Saving complaint to Redis: Complaint{id='88', name='a', issueType='electricity', description='a'}
2025-04-17 12:26:34 [org.springframework.amqp.rabbit.RabbitListenerEndpointContainer#0-1] INFO  com.example.consumer.service.RedisService - Removed old complaint from Redis: Complaint{id='85', name='Hemant', issueType='electricity', description='r'}
2025-04-17 12:26:34 [org.springframework.amqp.rabbit.RabbitListenerEndpointContainer#0-1] INFO  com.example.consumer.service.RedisService - Updated Redis List: [Complaint{id='88', name='a', issueType='electricity', description='a'}, Complaint{id='87', name='Rohit', issueType='infrastructure', description='a'}, Complaint{id='86', name='a', issueType='electricity', description='a'}]
2025-04-17 12:26:34 [org.springframework.amqp.rabbit.RabbitListenerEndpointContainer#0-1] INFO  com.example.consumer.service.ElectricityService - Complaint saved to MySQL and Redis successfully.
2025-04-17 12:28:47 [http-nio-8081-exec-4] INFO  com.example.consumer.controller.ComplaintController - Generated complaint ID: 89
2025-04-17 12:28:49 [org.springframework.amqp.rabbit.RabbitListenerEndpointContainer#1-1] INFO  com.example.consumer.service.RabbitMQConsumer - Received headers: {traceparent=00-29a95155cf1e0ae9f39603955a305f12-5903c6e8f0809c1e-01, user-id=89}
2025-04-17 12:28:49 [org.springframework.amqp.rabbit.RabbitListenerEndpointContainer#1-1] INFO  com.example.consumer.service.RabbitMQConsumer - Processing complaint from user 89: Complaint{id='89', name='a', issueType='infrastructure', description='a'}
2025-04-17 12:28:49 [org.springframework.amqp.rabbit.RabbitListenerEndpointContainer#1-1] INFO  com.example.consumer.service.LegalService - Processing infrastructure complaint from user 89: Complaint{id='89', name='a', issueType='infrastructure', description='a'}
2025-04-17 12:28:51 [org.springframework.amqp.rabbit.RabbitListenerEndpointContainer#1-1] INFO  com.example.consumer.service.LegalService - Infrastructure team analyzing issue...
2025-04-17 12:28:53 [org.springframework.amqp.rabbit.RabbitListenerEndpointContainer#1-1] INFO  com.example.consumer.service.LegalService - Infrastructure team fixing the issue...
2025-04-17 12:28:55 [org.springframework.amqp.rabbit.RabbitListenerEndpointContainer#1-1] INFO  com.example.consumer.service.LegalService - Infrastructure issue resolved!
2025-04-17 12:28:55 [org.springframework.amqp.rabbit.RabbitListenerEndpointContainer#1-1] INFO  com.example.consumer.service.RedisService - Saving complaint to Redis: Complaint{id='89', name='a', issueType='infrastructure', description='a'}
2025-04-17 12:28:55 [org.springframework.amqp.rabbit.RabbitListenerEndpointContainer#1-1] INFO  com.example.consumer.service.RedisService - Removed old complaint from Redis: Complaint{id='86', name='a', issueType='electricity', description='a'}
2025-04-17 12:28:55 [org.springframework.amqp.rabbit.RabbitListenerEndpointContainer#1-1] INFO  com.example.consumer.service.RedisService - Updated Redis List: [Complaint{id='89', name='a', issueType='infrastructure', description='a'}, Complaint{id='88', name='a', issueType='electricity', description='a'}, Complaint{id='87', name='Rohit', issueType='infrastructure', description='a'}]
2025-04-17 12:28:55 [org.springframework.amqp.rabbit.RabbitListenerEndpointContainer#1-1] INFO  com.example.consumer.service.LegalService - Complaint saved to MySQL and Redis successfully.
2025-04-17 12:31:14 [http-nio-8081-exec-6] INFO  com.example.consumer.controller.ComplaintController - Generated complaint ID: 90
2025-04-17 12:31:15 [org.springframework.amqp.rabbit.RabbitListenerEndpointContainer#1-1] INFO  com.example.consumer.service.RabbitMQConsumer - Received headers: {traceparent=00-69910906f266712470bb97b16e628a45-986bb5cdd487fb0a-01, user-id=90}
2025-04-17 12:31:15 [org.springframework.amqp.rabbit.RabbitListenerEndpointContainer#1-1] INFO  com.example.consumer.service.RabbitMQConsumer - Processing complaint from user 90: Complaint{id='90', name='c', issueType='infrastructure', description='c'}
2025-04-17 12:31:15 [org.springframework.amqp.rabbit.RabbitListenerEndpointContainer#1-1] INFO  com.example.consumer.service.LegalService - Processing infrastructure complaint from user 90: Complaint{id='90', name='c', issueType='infrastructure', description='c'}
2025-04-17 12:31:17 [org.springframework.amqp.rabbit.RabbitListenerEndpointContainer#1-1] INFO  com.example.consumer.service.LegalService - Infrastructure team analyzing issue...
2025-04-17 12:31:19 [org.springframework.amqp.rabbit.RabbitListenerEndpointContainer#1-1] INFO  com.example.consumer.service.LegalService - Infrastructure team fixing the issue...
2025-04-17 12:31:21 [org.springframework.amqp.rabbit.RabbitListenerEndpointContainer#1-1] INFO  com.example.consumer.service.LegalService - Infrastructure issue resolved!
2025-04-17 12:31:21 [org.springframework.amqp.rabbit.RabbitListenerEndpointContainer#1-1] INFO  com.example.consumer.service.RedisService - Saving complaint to Redis: Complaint{id='90', name='c', issueType='infrastructure', description='c'}
2025-04-17 12:31:21 [org.springframework.amqp.rabbit.RabbitListenerEndpointContainer#1-1] INFO  com.example.consumer.service.RedisService - Removed old complaint from Redis: Complaint{id='87', name='Rohit', issueType='infrastructure', description='a'}
2025-04-17 12:31:21 [org.springframework.amqp.rabbit.RabbitListenerEndpointContainer#1-1] INFO  com.example.consumer.service.RedisService - Updated Redis List: [Complaint{id='90', name='c', issueType='infrastructure', description='c'}, Complaint{id='89', name='a', issueType='infrastructure', description='a'}, Complaint{id='88', name='a', issueType='electricity', description='a'}]
2025-04-17 12:31:21 [org.springframework.amqp.rabbit.RabbitListenerEndpointContainer#1-1] INFO  com.example.consumer.service.LegalService - Complaint saved to MySQL and Redis successfully.
2025-04-17 13:02:19 [org.springframework.amqp.rabbit.RabbitListenerEndpointContainer#2-2] INFO  org.springframework.amqp.rabbit.listener.SimpleMessageListenerContainer - Waiting for workers to finish.
2025-04-17 13:02:19 [org.springframework.amqp.rabbit.RabbitListenerEndpointContainer#1-2] INFO  org.springframework.amqp.rabbit.listener.SimpleMessageListenerContainer - Waiting for workers to finish.
2025-04-17 13:02:19 [org.springframework.amqp.rabbit.RabbitListenerEndpointContainer#0-2] INFO  org.springframework.amqp.rabbit.listener.SimpleMessageListenerContainer - Waiting for workers to finish.
2025-04-17 13:02:19 [org.springframework.amqp.rabbit.RabbitListenerEndpointContainer#0-2] INFO  org.springframework.amqp.rabbit.listener.SimpleMessageListenerContainer - Successfully waited for workers to finish.
2025-04-17 13:02:19 [org.springframework.amqp.rabbit.RabbitListenerEndpointContainer#1-2] INFO  org.springframework.amqp.rabbit.listener.SimpleMessageListenerContainer - Successfully waited for workers to finish.
2025-04-17 13:02:20 [org.springframework.amqp.rabbit.RabbitListenerEndpointContainer#2-2] INFO  org.springframework.amqp.rabbit.listener.SimpleMessageListenerContainer - Successfully waited for workers to finish.
2025-04-17 13:02:20 [SpringApplicationShutdownHook] INFO  org.springframework.orm.jpa.LocalContainerEntityManagerFactoryBean - Closing JPA EntityManagerFactory for persistence unit 'default'
2025-04-17 13:02:20 [SpringApplicationShutdownHook] INFO  com.zaxxer.hikari.HikariDataSource - HikariPool-1 - Shutdown initiated...
2025-04-17 13:02:20 [SpringApplicationShutdownHook] INFO  com.zaxxer.hikari.HikariDataSource - HikariPool-1 - Shutdown completed.
2025-04-17 13:02:25 [main] INFO  com.example.consumer.ConsumerApplication - Starting ConsumerApplication using Java 23.0.2 with PID 25092 (C:\Users\Anmol Sinha\Downloads\consumer\consumer\target\classes started by Anmol Sinha in C:\Users\Anmol Sinha\Downloads\consumer)
2025-04-17 13:02:25 [main] INFO  com.example.consumer.ConsumerApplication - No active profile set, falling back to 1 default profile: "default"
2025-04-17 13:02:26 [main] INFO  org.springframework.data.repository.config.RepositoryConfigurationDelegate - Multiple Spring Data modules found, entering strict repository configuration mode
2025-04-17 13:02:26 [main] INFO  org.springframework.data.repository.config.RepositoryConfigurationDelegate - Bootstrapping Spring Data JPA repositories in DEFAULT mode.
2025-04-17 13:02:26 [main] INFO  org.springframework.data.repository.config.RepositoryConfigurationDelegate - Finished Spring Data repository scanning in 139 ms. Found 1 JPA repository interface.
2025-04-17 13:02:26 [main] INFO  org.springframework.data.repository.config.RepositoryConfigurationDelegate - Multiple Spring Data modules found, entering strict repository configuration mode
2025-04-17 13:02:26 [main] INFO  org.springframework.data.repository.config.RepositoryConfigurationDelegate - Bootstrapping Spring Data Redis repositories in DEFAULT mode.
2025-04-17 13:02:26 [main] INFO  org.springframework.data.repository.config.RepositoryConfigurationExtensionSupport - Spring Data Redis - Could not safely identify store assignment for repository candidate interface com.example.consumer.repository.ComplaintRepository; If you want this repository to be a Redis repository, consider annotating your entities with one of these annotations: org.springframework.data.redis.core.RedisHash (preferred), or consider extending one of the following types with your repository: org.springframework.data.keyvalue.repository.KeyValueRepository
2025-04-17 13:02:26 [main] INFO  org.springframework.data.repository.config.RepositoryConfigurationDelegate - Finished Spring Data repository scanning in 7 ms. Found 0 Redis repository interfaces.
2025-04-17 13:02:27 [main] INFO  org.springframework.boot.web.embedded.tomcat.TomcatWebServer - Tomcat initialized with port 8081 (http)
2025-04-17 13:02:27 [main] INFO  org.apache.coyote.http11.Http11NioProtocol - Initializing ProtocolHandler ["http-nio-8081"]
2025-04-17 13:02:27 [main] INFO  org.apache.catalina.core.StandardService - Starting service [Tomcat]
2025-04-17 13:02:27 [main] INFO  org.apache.catalina.core.StandardEngine - Starting Servlet engine: [Apache Tomcat/10.1.31]
2025-04-17 13:02:27 [main] INFO  org.apache.catalina.core.ContainerBase.[Tomcat].[localhost].[/] - Initializing Spring embedded WebApplicationContext
2025-04-17 13:02:27 [main] INFO  org.springframework.boot.web.servlet.context.ServletWebServerApplicationContext - Root WebApplicationContext: initialization completed in 1723 ms
2025-04-17 13:02:27 [main] INFO  org.hibernate.jpa.internal.util.LogHelper - HHH000204: Processing PersistenceUnitInfo [name: default]
2025-04-17 13:02:27 [main] INFO  org.hibernate.Version - HHH000412: Hibernate ORM core version 6.5.3.Final
2025-04-17 13:02:27 [main] INFO  org.hibernate.cache.internal.RegionFactoryInitiator - HHH000026: Second-level cache disabled
2025-04-17 13:02:27 [main] INFO  org.springframework.orm.jpa.persistenceunit.SpringPersistenceUnitInfo - No LoadTimeWeaver setup: ignoring JPA class transformer
2025-04-17 13:02:27 [main] INFO  com.zaxxer.hikari.HikariDataSource - HikariPool-1 - Starting...
2025-04-17 13:02:29 [main] INFO  com.zaxxer.hikari.pool.HikariPool - HikariPool-1 - Added connection com.mysql.cj.jdbc.ConnectionImpl@1ce6a9bd
2025-04-17 13:02:29 [main] INFO  com.zaxxer.hikari.HikariDataSource - HikariPool-1 - Start completed.
2025-04-17 13:02:29 [main] WARN  org.hibernate.orm.deprecation - HHH90000025: MySQLDialect does not need to be specified explicitly using 'hibernate.dialect' (remove the property setting and it will be selected by default)
2025-04-17 13:02:30 [main] INFO  org.hibernate.engine.transaction.jta.platform.internal.JtaPlatformInitiator - HHH000489: No JTA platform available (set 'hibernate.transaction.jta.platform' to enable JTA platform integration)
2025-04-17 13:02:30 [main] INFO  org.springframework.orm.jpa.LocalContainerEntityManagerFactoryBean - Initialized JPA EntityManagerFactory for persistence unit 'default'
2025-04-17 13:02:30 [main] INFO  com.example.consumer.config.RedisConfig - Initializing Redis Connection Factory with Host: 10.200.208.98 and Port: 32549
2025-04-17 13:02:30 [main] INFO  com.example.consumer.config.RedisConfig - Configuring Redis Template...
2025-04-17 13:02:30 [main] INFO  com.example.consumer.config.RedisConfig - Redis Template successfully initialized.
2025-04-17 13:02:30 [main] INFO  org.springframework.data.jpa.repository.query.QueryEnhancerFactory - Hibernate is in classpath; If applicable, HQL parser will be used.
2025-04-17 13:02:31 [main] INFO  com.example.consumer.config.RabbitMQConfig - Using existing Direct Exchange: complaint_exchange1
2025-04-17 13:02:31 [main] INFO  com.example.consumer.config.RabbitMQConfig - Using existing Queue: infrastructure_queue2
2025-04-17 13:02:31 [main] INFO  com.example.consumer.config.RabbitMQConfig - Using existing Queue: electricity_queue2
2025-04-17 13:02:31 [main] INFO  com.example.consumer.config.RabbitMQConfig - Using existing Queue: legal_queue2
2025-04-17 13:02:31 [main] INFO  com.example.consumer.config.RabbitMQConfig - Configuring Jackson2JsonMessageConverter for RabbitMQ
2025-04-17 13:02:31 [main] WARN  org.springframework.boot.autoconfigure.orm.jpa.JpaBaseConfiguration$JpaWebConfiguration - spring.jpa.open-in-view is enabled by default. Therefore, database queries may be performed during view rendering. Explicitly configure spring.jpa.open-in-view to disable this warning
2025-04-17 13:02:32 [main] INFO  org.apache.coyote.http11.Http11NioProtocol - Starting ProtocolHandler ["http-nio-8081"]
2025-04-17 13:02:32 [main] INFO  org.springframework.boot.web.embedded.tomcat.TomcatWebServer - Tomcat started on port 8081 (http) with context path '/'
2025-04-17 13:02:32 [main] INFO  org.springframework.amqp.rabbit.connection.CachingConnectionFactory - Attempting to connect to: [10.200.208.98:30280]
2025-04-17 13:02:32 [main] INFO  org.springframework.amqp.rabbit.connection.CachingConnectionFactory - Created new connection: rabbitConnectionFactory#34817fcc:0/SimpleConnection@8cc1bac [delegate=amqp://user@10.200.208.98:30280/, localPort=60799]
2025-04-17 13:02:32 [main] INFO  com.example.consumer.ConsumerApplication - Started ConsumerApplication in 7.415 seconds (process running for 8.568)
2025-04-17 13:02:32 [main] INFO  com.example.consumer.ConsumerApplication - Ready to receive complaints from queue : 
2025-04-17 13:03:00 [http-nio-8081-exec-1] INFO  org.apache.catalina.core.ContainerBase.[Tomcat].[localhost].[/] - Initializing Spring DispatcherServlet 'dispatcherServlet'
2025-04-17 13:03:00 [http-nio-8081-exec-1] INFO  org.springframework.web.servlet.DispatcherServlet - Initializing Servlet 'dispatcherServlet'
2025-04-17 13:03:00 [http-nio-8081-exec-1] INFO  org.springframework.web.servlet.DispatcherServlet - Completed initialization in 1 ms
2025-04-17 13:03:00 [http-nio-8081-exec-2] INFO  com.example.consumer.controller.ComplaintController - Generated complaint ID: 91
2025-04-17 13:03:00 [org.springframework.amqp.rabbit.RabbitListenerEndpointContainer#2-1] INFO  com.example.consumer.service.RabbitMQConsumer - Received headers: {traceparent=00-96e71c8f30eabf7601f0085239921f9e-5e36017921340a00-01, user-id=91}
2025-04-17 13:03:00 [org.springframework.amqp.rabbit.RabbitListenerEndpointContainer#2-1] INFO  com.example.consumer.service.RabbitMQConsumer - Processing complaint from user 91: Complaint{id='91', name='a', issueType='infrastructure', description='a'}
2025-04-17 13:03:00 [org.springframework.amqp.rabbit.RabbitListenerEndpointContainer#2-1] INFO  com.example.consumer.service.LegalService - Processing infrastructure complaint from user 91: Complaint{id='91', name='a', issueType='infrastructure', description='a'}
2025-04-17 13:03:02 [org.springframework.amqp.rabbit.RabbitListenerEndpointContainer#2-1] INFO  com.example.consumer.service.LegalService - Infrastructure team analyzing issue...
2025-04-17 13:03:04 [org.springframework.amqp.rabbit.RabbitListenerEndpointContainer#2-1] INFO  com.example.consumer.service.LegalService - Infrastructure team fixing the issue...
2025-04-17 13:03:06 [org.springframework.amqp.rabbit.RabbitListenerEndpointContainer#2-1] INFO  com.example.consumer.service.LegalService - Infrastructure issue resolved!
2025-04-17 13:03:06 [org.springframework.amqp.rabbit.RabbitListenerEndpointContainer#2-1] INFO  com.example.consumer.service.RedisService - Saving complaint to Redis: Complaint{id='91', name='a', issueType='infrastructure', description='a'}
2025-04-17 13:03:07 [org.springframework.amqp.rabbit.RabbitListenerEndpointContainer#2-1] INFO  com.example.consumer.service.RedisService - Removed old complaint from Redis: Complaint{id='88', name='a', issueType='electricity', description='a'}
2025-04-17 13:03:07 [org.springframework.amqp.rabbit.RabbitListenerEndpointContainer#2-1] INFO  com.example.consumer.service.RedisService - Updated Redis List: [Complaint{id='91', name='a', issueType='infrastructure', description='a'}, Complaint{id='90', name='c', issueType='infrastructure', description='c'}, Complaint{id='89', name='a', issueType='infrastructure', description='a'}]
2025-04-17 13:03:07 [org.springframework.amqp.rabbit.RabbitListenerEndpointContainer#2-1] INFO  com.example.consumer.service.LegalService - Complaint saved to MySQL and Redis successfully.
2025-04-17 13:08:57 [org.springframework.amqp.rabbit.RabbitListenerEndpointContainer#1-2] INFO  org.springframework.amqp.rabbit.listener.SimpleMessageListenerContainer - Waiting for workers to finish.
2025-04-17 13:08:57 [org.springframework.amqp.rabbit.RabbitListenerEndpointContainer#0-2] INFO  org.springframework.amqp.rabbit.listener.SimpleMessageListenerContainer - Waiting for workers to finish.
2025-04-17 13:08:57 [org.springframework.amqp.rabbit.RabbitListenerEndpointContainer#2-2] INFO  org.springframework.amqp.rabbit.listener.SimpleMessageListenerContainer - Waiting for workers to finish.
2025-04-17 13:08:57 [org.springframework.amqp.rabbit.RabbitListenerEndpointContainer#2-2] INFO  org.springframework.amqp.rabbit.listener.SimpleMessageListenerContainer - Successfully waited for workers to finish.
2025-04-17 13:08:57 [org.springframework.amqp.rabbit.RabbitListenerEndpointContainer#1-2] INFO  org.springframework.amqp.rabbit.listener.SimpleMessageListenerContainer - Successfully waited for workers to finish.
2025-04-17 13:08:57 [org.springframework.amqp.rabbit.RabbitListenerEndpointContainer#0-2] INFO  org.springframework.amqp.rabbit.listener.SimpleMessageListenerContainer - Successfully waited for workers to finish.
2025-04-17 13:08:58 [SpringApplicationShutdownHook] INFO  org.springframework.orm.jpa.LocalContainerEntityManagerFactoryBean - Closing JPA EntityManagerFactory for persistence unit 'default'
2025-04-17 13:08:58 [SpringApplicationShutdownHook] INFO  com.zaxxer.hikari.HikariDataSource - HikariPool-1 - Shutdown initiated...
2025-04-17 13:08:58 [SpringApplicationShutdownHook] INFO  com.zaxxer.hikari.HikariDataSource - HikariPool-1 - Shutdown completed.
2025-04-17 13:09:02 [main] INFO  com.example.consumer.ConsumerApplication - Starting ConsumerApplication using Java 23.0.2 with PID 19704 (C:\Users\Anmol Sinha\Downloads\consumer\consumer\target\classes started by Anmol Sinha in C:\Users\Anmol Sinha\Downloads\consumer)
2025-04-17 13:09:02 [main] INFO  com.example.consumer.ConsumerApplication - No active profile set, falling back to 1 default profile: "default"
2025-04-17 13:09:03 [main] INFO  org.springframework.data.repository.config.RepositoryConfigurationDelegate - Multiple Spring Data modules found, entering strict repository configuration mode
2025-04-17 13:09:03 [main] INFO  org.springframework.data.repository.config.RepositoryConfigurationDelegate - Bootstrapping Spring Data JPA repositories in DEFAULT mode.
2025-04-17 13:09:03 [main] INFO  org.springframework.data.repository.config.RepositoryConfigurationDelegate - Finished Spring Data repository scanning in 140 ms. Found 1 JPA repository interface.
2025-04-17 13:09:03 [main] INFO  org.springframework.data.repository.config.RepositoryConfigurationDelegate - Multiple Spring Data modules found, entering strict repository configuration mode
2025-04-17 13:09:03 [main] INFO  org.springframework.data.repository.config.RepositoryConfigurationDelegate - Bootstrapping Spring Data Redis repositories in DEFAULT mode.
2025-04-17 13:09:03 [main] INFO  org.springframework.data.repository.config.RepositoryConfigurationExtensionSupport - Spring Data Redis - Could not safely identify store assignment for repository candidate interface com.example.consumer.repository.ComplaintRepository; If you want this repository to be a Redis repository, consider annotating your entities with one of these annotations: org.springframework.data.redis.core.RedisHash (preferred), or consider extending one of the following types with your repository: org.springframework.data.keyvalue.repository.KeyValueRepository
2025-04-17 13:09:03 [main] INFO  org.springframework.data.repository.config.RepositoryConfigurationDelegate - Finished Spring Data repository scanning in 5 ms. Found 0 Redis repository interfaces.
2025-04-17 13:09:04 [main] INFO  org.springframework.boot.web.embedded.tomcat.TomcatWebServer - Tomcat initialized with port 8081 (http)
2025-04-17 13:09:04 [main] INFO  org.apache.coyote.http11.Http11NioProtocol - Initializing ProtocolHandler ["http-nio-8081"]
2025-04-17 13:09:04 [main] INFO  org.apache.catalina.core.StandardService - Starting service [Tomcat]
2025-04-17 13:09:04 [main] INFO  org.apache.catalina.core.StandardEngine - Starting Servlet engine: [Apache Tomcat/10.1.31]
2025-04-17 13:09:04 [main] INFO  org.apache.catalina.core.ContainerBase.[Tomcat].[localhost].[/] - Initializing Spring embedded WebApplicationContext
2025-04-17 13:09:04 [main] INFO  org.springframework.boot.web.servlet.context.ServletWebServerApplicationContext - Root WebApplicationContext: initialization completed in 1719 ms
2025-04-17 13:09:04 [main] INFO  org.hibernate.jpa.internal.util.LogHelper - HHH000204: Processing PersistenceUnitInfo [name: default]
2025-04-17 13:09:04 [main] INFO  org.hibernate.Version - HHH000412: Hibernate ORM core version 6.5.3.Final
2025-04-17 13:09:04 [main] INFO  org.hibernate.cache.internal.RegionFactoryInitiator - HHH000026: Second-level cache disabled
2025-04-17 13:09:05 [main] INFO  org.springframework.orm.jpa.persistenceunit.SpringPersistenceUnitInfo - No LoadTimeWeaver setup: ignoring JPA class transformer
2025-04-17 13:09:05 [main] INFO  com.zaxxer.hikari.HikariDataSource - HikariPool-1 - Starting...
2025-04-17 13:09:05 [main] INFO  com.zaxxer.hikari.pool.HikariPool - HikariPool-1 - Added connection com.mysql.cj.jdbc.ConnectionImpl@703cb756
2025-04-17 13:09:05 [main] INFO  com.zaxxer.hikari.HikariDataSource - HikariPool-1 - Start completed.
2025-04-17 13:09:05 [main] WARN  org.hibernate.orm.deprecation - HHH90000025: MySQLDialect does not need to be specified explicitly using 'hibernate.dialect' (remove the property setting and it will be selected by default)
2025-04-17 13:09:06 [main] INFO  org.hibernate.engine.transaction.jta.platform.internal.JtaPlatformInitiator - HHH000489: No JTA platform available (set 'hibernate.transaction.jta.platform' to enable JTA platform integration)
2025-04-17 13:09:06 [main] INFO  org.springframework.orm.jpa.LocalContainerEntityManagerFactoryBean - Initialized JPA EntityManagerFactory for persistence unit 'default'
2025-04-17 13:09:06 [main] INFO  com.example.consumer.config.RedisConfig - Initializing Redis Connection Factory with Host: 10.200.208.98 and Port: 32549
2025-04-17 13:09:06 [main] INFO  com.example.consumer.config.RedisConfig - Configuring Redis Template...
2025-04-17 13:09:07 [main] INFO  com.example.consumer.config.RedisConfig - Redis Template successfully initialized.
2025-04-17 13:09:07 [main] INFO  org.springframework.data.jpa.repository.query.QueryEnhancerFactory - Hibernate is in classpath; If applicable, HQL parser will be used.
2025-04-17 13:09:07 [main] INFO  com.example.consumer.config.RabbitMQConfig - Using existing Direct Exchange: complaint_exchange1
2025-04-17 13:09:07 [main] INFO  com.example.consumer.config.RabbitMQConfig - Using existing Queue: infrastructure_queue2
2025-04-17 13:09:07 [main] INFO  com.example.consumer.config.RabbitMQConfig - Using existing Queue: electricity_queue2
2025-04-17 13:09:07 [main] INFO  com.example.consumer.config.RabbitMQConfig - Using existing Queue: legal_queue2
2025-04-17 13:09:07 [main] INFO  com.example.consumer.config.RabbitMQConfig - Configuring Jackson2JsonMessageConverter for RabbitMQ
2025-04-17 13:09:07 [main] WARN  org.springframework.boot.autoconfigure.orm.jpa.JpaBaseConfiguration$JpaWebConfiguration - spring.jpa.open-in-view is enabled by default. Therefore, database queries may be performed during view rendering. Explicitly configure spring.jpa.open-in-view to disable this warning
2025-04-17 13:09:08 [main] INFO  org.apache.coyote.http11.Http11NioProtocol - Starting ProtocolHandler ["http-nio-8081"]
2025-04-17 13:09:08 [main] INFO  org.springframework.boot.web.embedded.tomcat.TomcatWebServer - Tomcat started on port 8081 (http) with context path '/'
2025-04-17 13:09:08 [main] INFO  org.springframework.amqp.rabbit.connection.CachingConnectionFactory - Attempting to connect to: [10.200.208.98:30280]
2025-04-17 13:09:08 [main] INFO  org.springframework.amqp.rabbit.connection.CachingConnectionFactory - Created new connection: rabbitConnectionFactory#73f506d7:0/SimpleConnection@2242dd2b [delegate=amqp://user@10.200.208.98:30280/, localPort=61198]
2025-04-17 13:09:08 [main] INFO  com.example.consumer.ConsumerApplication - Started ConsumerApplication in 6.13 seconds (process running for 7.217)
2025-04-17 13:09:08 [main] INFO  com.example.consumer.ConsumerApplication - Ready to receive complaints from queue : 
